{"/Users/learnacademy/Desktop/learnify/app/javascript/components/components/Footer.js": {"path":"/Users/learnacademy/Desktop/learnify/app/javascript/components/components/Footer.js","statementMap":{"0":{"start":{"line":6,"column":4},"end":{"line":20,"column":5}}},"fnMap":{"0":{"name":"(anonymous_0)","decl":{"start":{"line":5,"column":2},"end":{"line":5,"column":3}},"loc":{"start":{"line":5,"column":11},"end":{"line":21,"column":3}},"line":5}},"branchMap":{},"s":{"0":3},"f":{"0":3},"b":{},"_coverageSchema":"1a1c01bbd47fc00a2c39e90264f33305004495a9","hash":"c9824bc8fb286ab224b8ed15492946144c707e94"}
,"/Users/learnacademy/Desktop/learnify/app/javascript/components/pages/NotFound.js": {"path":"/Users/learnacademy/Desktop/learnify/app/javascript/components/pages/NotFound.js","statementMap":{"0":{"start":{"line":6,"column":4},"end":{"line":15,"column":5}}},"fnMap":{"0":{"name":"(anonymous_0)","decl":{"start":{"line":5,"column":2},"end":{"line":5,"column":3}},"loc":{"start":{"line":5,"column":11},"end":{"line":16,"column":3}},"line":5}},"branchMap":{},"s":{"0":3},"f":{"0":3},"b":{},"_coverageSchema":"1a1c01bbd47fc00a2c39e90264f33305004495a9","hash":"97d72d11b0aca350fe38158853befe277e2cc79c"}
,"/Users/learnacademy/Desktop/learnify/app/javascript/components/pages/PostEdit.js": {"path":"/Users/learnacademy/Desktop/learnify/app/javascript/components/pages/PostEdit.js","statementMap":{"0":{"start":{"line":7,"column":4},"end":{"line":7,"column":16}},"1":{"start":{"line":8,"column":4},"end":{"line":22,"column":5}},"2":{"start":{"line":25,"column":22},"end":{"line":28,"column":3}},"3":{"start":{"line":26,"column":4},"end":{"line":26,"column":49}},"4":{"start":{"line":30,"column":17},"end":{"line":33,"column":3}},"5":{"start":{"line":31,"column":4},"end":{"line":31,"column":67}},"6":{"start":{"line":32,"column":4},"end":{"line":32,"column":36}},"7":{"start":{"line":35,"column":17},"end":{"line":41,"column":3}},"8":{"start":{"line":36,"column":21},"end":{"line":36,"column":34}},"9":{"start":{"line":37,"column":22},"end":{"line":37,"column":36}},"10":{"start":{"line":38,"column":26},"end":{"line":38,"column":36}},"11":{"start":{"line":39,"column":4},"end":{"line":39,"column":41}},"12":{"start":{"line":40,"column":4},"end":{"line":40,"column":45}},"13":{"start":{"line":44,"column":21},"end":{"line":44,"column":31}},"14":{"start":{"line":45,"column":4},"end":{"line":157,"column":5}}},"fnMap":{"0":{"name":"(anonymous_0)","decl":{"start":{"line":6,"column":2},"end":{"line":6,"column":3}},"loc":{"start":{"line":6,"column":21},"end":{"line":23,"column":3}},"line":6},"1":{"name":"(anonymous_1)","decl":{"start":{"line":25,"column":22},"end":{"line":25,"column":23}},"loc":{"start":{"line":25,"column":28},"end":{"line":28,"column":3}},"line":25},"2":{"name":"(anonymous_2)","decl":{"start":{"line":30,"column":17},"end":{"line":30,"column":18}},"loc":{"start":{"line":30,"column":23},"end":{"line":33,"column":3}},"line":30},"3":{"name":"(anonymous_3)","decl":{"start":{"line":35,"column":17},"end":{"line":35,"column":18}},"loc":{"start":{"line":35,"column":24},"end":{"line":41,"column":3}},"line":35},"4":{"name":"(anonymous_4)","decl":{"start":{"line":43,"column":2},"end":{"line":43,"column":3}},"loc":{"start":{"line":43,"column":11},"end":{"line":158,"column":3}},"line":43}},"branchMap":{"0":{"loc":{"start":{"line":153,"column":11},"end":{"line":153,"column":89}},"type":"cond-expr","locations":[{"start":{"line":153,"column":34},"end":{"line":153,"column":82}},{"start":{"line":153,"column":85},"end":{"line":153,"column":89}}],"line":153},"1":{"loc":{"start":{"line":154,"column":11},"end":{"line":154,"column":81}},"type":"cond-expr","locations":[{"start":{"line":154,"column":34},"end":{"line":154,"column":74}},{"start":{"line":154,"column":77},"end":{"line":154,"column":81}}],"line":154}},"s":{"0":3,"1":3,"2":3,"3":3,"4":3,"5":0,"6":0,"7":3,"8":0,"9":0,"10":0,"11":0,"12":0,"13":6,"14":6},"f":{"0":3,"1":3,"2":0,"3":0,"4":6},"b":{"0":[0,6],"1":[0,6]},"_coverageSchema":"1a1c01bbd47fc00a2c39e90264f33305004495a9","hash":"38bfced9524ac3858305db312884b89448437bf4"}
,"/Users/learnacademy/Desktop/learnify/app/javascript/components/pages/PostIndex.js": {"path":"/Users/learnacademy/Desktop/learnify/app/javascript/components/pages/PostIndex.js","statementMap":{"0":{"start":{"line":17,"column":4},"end":{"line":17,"column":16}},"1":{"start":{"line":19,"column":4},"end":{"line":19,"column":41}},"2":{"start":{"line":20,"column":4},"end":{"line":23,"column":6}},"3":{"start":{"line":27,"column":4},"end":{"line":29,"column":7}},"4":{"start":{"line":32,"column":20},"end":{"line":34,"column":3}},"5":{"start":{"line":33,"column":4},"end":{"line":33,"column":36}},"6":{"start":{"line":37,"column":22},"end":{"line":37,"column":32}},"7":{"start":{"line":38,"column":26},"end":{"line":38,"column":83}},"8":{"start":{"line":38,"column":47},"end":{"line":38,"column":82}},"9":{"start":{"line":39,"column":4},"end":{"line":118,"column":5}},"10":{"start":{"line":50,"column":43},"end":{"line":50,"column":90}},"11":{"start":{"line":52,"column":43},"end":{"line":52,"column":89}},"12":{"start":{"line":54,"column":43},"end":{"line":54,"column":80}},"13":{"start":{"line":56,"column":43},"end":{"line":56,"column":79}},"14":{"start":{"line":58,"column":43},"end":{"line":58,"column":117}},"15":{"start":{"line":60,"column":43},"end":{"line":60,"column":88}},"16":{"start":{"line":62,"column":43},"end":{"line":62,"column":104}},"17":{"start":{"line":64,"column":43},"end":{"line":64,"column":112}},"18":{"start":{"line":66,"column":43},"end":{"line":66,"column":108}},"19":{"start":{"line":68,"column":43},"end":{"line":68,"column":97}},"20":{"start":{"line":70,"column":43},"end":{"line":70,"column":100}},"21":{"start":{"line":80,"column":20},"end":{"line":91,"column":29}},"22":{"start":{"line":101,"column":14},"end":{"line":112,"column":23}}},"fnMap":{"0":{"name":"(anonymous_0)","decl":{"start":{"line":16,"column":2},"end":{"line":16,"column":3}},"loc":{"start":{"line":16,"column":21},"end":{"line":24,"column":3}},"line":16},"1":{"name":"(anonymous_1)","decl":{"start":{"line":26,"column":2},"end":{"line":26,"column":3}},"loc":{"start":{"line":26,"column":11},"end":{"line":30,"column":3}},"line":26},"2":{"name":"(anonymous_2)","decl":{"start":{"line":32,"column":20},"end":{"line":32,"column":21}},"loc":{"start":{"line":32,"column":29},"end":{"line":34,"column":3}},"line":32},"3":{"name":"(anonymous_3)","decl":{"start":{"line":36,"column":2},"end":{"line":36,"column":3}},"loc":{"start":{"line":36,"column":11},"end":{"line":119,"column":3}},"line":36},"4":{"name":"(anonymous_4)","decl":{"start":{"line":38,"column":39},"end":{"line":38,"column":40}},"loc":{"start":{"line":38,"column":47},"end":{"line":38,"column":82}},"line":38},"5":{"name":"(anonymous_5)","decl":{"start":{"line":50,"column":37},"end":{"line":50,"column":38}},"loc":{"start":{"line":50,"column":43},"end":{"line":50,"column":90}},"line":50},"6":{"name":"(anonymous_6)","decl":{"start":{"line":52,"column":37},"end":{"line":52,"column":38}},"loc":{"start":{"line":52,"column":43},"end":{"line":52,"column":89}},"line":52},"7":{"name":"(anonymous_7)","decl":{"start":{"line":54,"column":37},"end":{"line":54,"column":38}},"loc":{"start":{"line":54,"column":43},"end":{"line":54,"column":80}},"line":54},"8":{"name":"(anonymous_8)","decl":{"start":{"line":56,"column":37},"end":{"line":56,"column":38}},"loc":{"start":{"line":56,"column":43},"end":{"line":56,"column":79}},"line":56},"9":{"name":"(anonymous_9)","decl":{"start":{"line":58,"column":37},"end":{"line":58,"column":38}},"loc":{"start":{"line":58,"column":43},"end":{"line":58,"column":117}},"line":58},"10":{"name":"(anonymous_10)","decl":{"start":{"line":60,"column":37},"end":{"line":60,"column":38}},"loc":{"start":{"line":60,"column":43},"end":{"line":60,"column":88}},"line":60},"11":{"name":"(anonymous_11)","decl":{"start":{"line":62,"column":37},"end":{"line":62,"column":38}},"loc":{"start":{"line":62,"column":43},"end":{"line":62,"column":104}},"line":62},"12":{"name":"(anonymous_12)","decl":{"start":{"line":64,"column":37},"end":{"line":64,"column":38}},"loc":{"start":{"line":64,"column":43},"end":{"line":64,"column":112}},"line":64},"13":{"name":"(anonymous_13)","decl":{"start":{"line":66,"column":37},"end":{"line":66,"column":38}},"loc":{"start":{"line":66,"column":43},"end":{"line":66,"column":108}},"line":66},"14":{"name":"(anonymous_14)","decl":{"start":{"line":68,"column":37},"end":{"line":68,"column":38}},"loc":{"start":{"line":68,"column":43},"end":{"line":68,"column":97}},"line":68},"15":{"name":"(anonymous_15)","decl":{"start":{"line":70,"column":37},"end":{"line":70,"column":38}},"loc":{"start":{"line":70,"column":43},"end":{"line":70,"column":100}},"line":70},"16":{"name":"(anonymous_16)","decl":{"start":{"line":79,"column":30},"end":{"line":79,"column":31}},"loc":{"start":{"line":79,"column":47},"end":{"line":92,"column":21}},"line":79},"17":{"name":"(anonymous_17)","decl":{"start":{"line":100,"column":33},"end":{"line":100,"column":34}},"loc":{"start":{"line":100,"column":50},"end":{"line":113,"column":15}},"line":100}},"branchMap":{"0":{"loc":{"start":{"line":74,"column":11},"end":{"line":95,"column":15}},"type":"binary-expr","locations":[{"start":{"line":74,"column":11},"end":{"line":74,"column":33}},{"start":{"line":75,"column":12},"end":{"line":95,"column":15}}],"line":74},"1":{"loc":{"start":{"line":78,"column":17},"end":{"line":92,"column":22}},"type":"binary-expr","locations":[{"start":{"line":78,"column":17},"end":{"line":78,"column":22}},{"start":{"line":79,"column":20},"end":{"line":92,"column":22}}],"line":78},"2":{"loc":{"start":{"line":97,"column":11},"end":{"line":114,"column":13}},"type":"binary-expr","locations":[{"start":{"line":97,"column":11},"end":{"line":97,"column":32}},{"start":{"line":98,"column":10},"end":{"line":114,"column":13}}],"line":97}},"s":{"0":4,"1":4,"2":4,"3":0,"4":4,"5":0,"6":4,"7":4,"8":4,"9":4,"10":0,"11":0,"12":0,"13":0,"14":0,"15":0,"16":0,"17":0,"18":0,"19":0,"20":0,"21":4,"22":0},"f":{"0":4,"1":0,"2":0,"3":4,"4":4,"5":0,"6":0,"7":0,"8":0,"9":0,"10":0,"11":0,"12":0,"13":0,"14":0,"15":0,"16":4,"17":0},"b":{"0":[4,4],"1":[4,4],"2":[4,0]},"_coverageSchema":"1a1c01bbd47fc00a2c39e90264f33305004495a9","hash":"789a1907bf821c1817e743e507621afb2eed45d4"}
,"/Users/learnacademy/Desktop/learnify/app/javascript/components/pages/PostNew.js": {"path":"/Users/learnacademy/Desktop/learnify/app/javascript/components/pages/PostNew.js","statementMap":{"0":{"start":{"line":7,"column":4},"end":{"line":7,"column":16}},"1":{"start":{"line":8,"column":27},"end":{"line":8,"column":37}},"2":{"start":{"line":9,"column":4},"end":{"line":14,"column":5}},"3":{"start":{"line":17,"column":17},"end":{"line":20,"column":3}},"4":{"start":{"line":18,"column":4},"end":{"line":18,"column":42}},"5":{"start":{"line":19,"column":4},"end":{"line":19,"column":36}},"6":{"start":{"line":22,"column":17},"end":{"line":28,"column":3}},"7":{"start":{"line":23,"column":21},"end":{"line":23,"column":34}},"8":{"start":{"line":24,"column":22},"end":{"line":24,"column":36}},"9":{"start":{"line":25,"column":19},"end":{"line":25,"column":29}},"10":{"start":{"line":26,"column":4},"end":{"line":26,"column":34}},"11":{"start":{"line":27,"column":4},"end":{"line":27,"column":31}},"12":{"start":{"line":30,"column":21},"end":{"line":36,"column":3}},"13":{"start":{"line":31,"column":21},"end":{"line":31,"column":34}},"14":{"start":{"line":32,"column":22},"end":{"line":32,"column":44}},"15":{"start":{"line":33,"column":19},"end":{"line":33,"column":29}},"16":{"start":{"line":34,"column":4},"end":{"line":34,"column":34}},"17":{"start":{"line":35,"column":4},"end":{"line":35,"column":31}},"18":{"start":{"line":39,"column":4},"end":{"line":187,"column":5}}},"fnMap":{"0":{"name":"(anonymous_0)","decl":{"start":{"line":6,"column":2},"end":{"line":6,"column":3}},"loc":{"start":{"line":6,"column":21},"end":{"line":15,"column":3}},"line":6},"1":{"name":"(anonymous_1)","decl":{"start":{"line":17,"column":17},"end":{"line":17,"column":18}},"loc":{"start":{"line":17,"column":23},"end":{"line":20,"column":3}},"line":17},"2":{"name":"(anonymous_2)","decl":{"start":{"line":22,"column":17},"end":{"line":22,"column":18}},"loc":{"start":{"line":22,"column":24},"end":{"line":28,"column":3}},"line":22},"3":{"name":"(anonymous_3)","decl":{"start":{"line":30,"column":21},"end":{"line":30,"column":22}},"loc":{"start":{"line":30,"column":28},"end":{"line":36,"column":3}},"line":30},"4":{"name":"(anonymous_4)","decl":{"start":{"line":38,"column":2},"end":{"line":38,"column":3}},"loc":{"start":{"line":38,"column":11},"end":{"line":188,"column":3}},"line":38}},"branchMap":{"0":{"loc":{"start":{"line":183,"column":11},"end":{"line":183,"column":91}},"type":"cond-expr","locations":[{"start":{"line":183,"column":34},"end":{"line":183,"column":84}},{"start":{"line":183,"column":87},"end":{"line":183,"column":91}}],"line":183},"1":{"loc":{"start":{"line":184,"column":11},"end":{"line":184,"column":71}},"type":"cond-expr","locations":[{"start":{"line":184,"column":34},"end":{"line":184,"column":64}},{"start":{"line":184,"column":67},"end":{"line":184,"column":71}}],"line":184}},"s":{"0":3,"1":3,"2":3,"3":3,"4":0,"5":0,"6":3,"7":0,"8":0,"9":0,"10":0,"11":0,"12":3,"13":0,"14":0,"15":0,"16":0,"17":0,"18":3},"f":{"0":3,"1":0,"2":0,"3":0,"4":3},"b":{"0":[0,3],"1":[0,3]},"_coverageSchema":"1a1c01bbd47fc00a2c39e90264f33305004495a9","hash":"e0a96cb8f23b8c2fad5053572fd98b7e3351494c"}
,"/Users/learnacademy/Desktop/learnify/app/javascript/components/pages/PostShow.js": {"path":"/Users/learnacademy/Desktop/learnify/app/javascript/components/pages/PostShow.js","statementMap":{"0":{"start":{"line":15,"column":4},"end":{"line":15,"column":16}},"1":{"start":{"line":16,"column":4},"end":{"line":19,"column":5}},"2":{"start":{"line":22,"column":22},"end":{"line":24,"column":3}},"3":{"start":{"line":23,"column":4},"end":{"line":23,"column":19}},"4":{"start":{"line":26,"column":13},"end":{"line":31,"column":3}},"5":{"start":{"line":27,"column":4},"end":{"line":30,"column":55}},"6":{"start":{"line":28,"column":22},"end":{"line":28,"column":37}},"7":{"start":{"line":29,"column":21},"end":{"line":29,"column":53}},"8":{"start":{"line":30,"column":18},"end":{"line":30,"column":54}},"9":{"start":{"line":33,"column":17},"end":{"line":37,"column":3}},"10":{"start":{"line":34,"column":4},"end":{"line":34,"column":45}},"11":{"start":{"line":35,"column":4},"end":{"line":35,"column":34}},"12":{"start":{"line":36,"column":4},"end":{"line":36,"column":38}},"13":{"start":{"line":40,"column":4},"end":{"line":42,"column":5}},"14":{"start":{"line":41,"column":6},"end":{"line":41,"column":17}},"15":{"start":{"line":43,"column":40},"end":{"line":43,"column":50}},"16":{"start":{"line":44,"column":21},"end":{"line":44,"column":31}},"17":{"start":{"line":45,"column":23},"end":{"line":45,"column":46}},"18":{"start":{"line":46,"column":4},"end":{"line":46,"column":32}},"19":{"start":{"line":48,"column":4},"end":{"line":48,"column":65}},"20":{"start":{"line":49,"column":4},"end":{"line":51,"column":5}},"21":{"start":{"line":50,"column":6},"end":{"line":50,"column":42}},"22":{"start":{"line":52,"column":4},"end":{"line":73,"column":5}}},"fnMap":{"0":{"name":"(anonymous_0)","decl":{"start":{"line":14,"column":2},"end":{"line":14,"column":3}},"loc":{"start":{"line":14,"column":21},"end":{"line":20,"column":3}},"line":14},"1":{"name":"(anonymous_1)","decl":{"start":{"line":22,"column":22},"end":{"line":22,"column":23}},"loc":{"start":{"line":22,"column":28},"end":{"line":24,"column":3}},"line":22},"2":{"name":"(anonymous_2)","decl":{"start":{"line":26,"column":13},"end":{"line":26,"column":14}},"loc":{"start":{"line":26,"column":19},"end":{"line":31,"column":3}},"line":26},"3":{"name":"(anonymous_3)","decl":{"start":{"line":28,"column":10},"end":{"line":28,"column":11}},"loc":{"start":{"line":28,"column":22},"end":{"line":28,"column":37}},"line":28},"4":{"name":"(anonymous_4)","decl":{"start":{"line":29,"column":10},"end":{"line":29,"column":11}},"loc":{"start":{"line":29,"column":21},"end":{"line":29,"column":53}},"line":29},"5":{"name":"(anonymous_5)","decl":{"start":{"line":30,"column":11},"end":{"line":30,"column":12}},"loc":{"start":{"line":30,"column":18},"end":{"line":30,"column":54}},"line":30},"6":{"name":"(anonymous_6)","decl":{"start":{"line":33,"column":17},"end":{"line":33,"column":18}},"loc":{"start":{"line":33,"column":23},"end":{"line":37,"column":3}},"line":33},"7":{"name":"(anonymous_7)","decl":{"start":{"line":39,"column":2},"end":{"line":39,"column":3}},"loc":{"start":{"line":39,"column":11},"end":{"line":74,"column":3}},"line":39}},"branchMap":{"0":{"loc":{"start":{"line":40,"column":4},"end":{"line":42,"column":5}},"type":"if","locations":[{"start":{"line":40,"column":4},"end":{"line":42,"column":5}},{"start":{},"end":{}}],"line":40},"1":{"loc":{"start":{"line":48,"column":4},"end":{"line":48,"column":65}},"type":"cond-expr","locations":[{"start":{"line":48,"column":16},"end":{"line":48,"column":58}},{"start":{"line":48,"column":61},"end":{"line":48,"column":65}}],"line":48},"2":{"loc":{"start":{"line":49,"column":4},"end":{"line":51,"column":5}},"type":"if","locations":[{"start":{"line":49,"column":4},"end":{"line":51,"column":5}},{"start":{},"end":{}}],"line":49},"3":{"loc":{"start":{"line":66,"column":10},"end":{"line":70,"column":16}},"type":"binary-expr","locations":[{"start":{"line":66,"column":10},"end":{"line":66,"column":19}},{"start":{"line":66,"column":23},"end":{"line":66,"column":32}},{"start":{"line":67,"column":10},"end":{"line":70,"column":16}}],"line":66}},"s":{"0":6,"1":6,"2":6,"3":6,"4":6,"5":6,"6":0,"7":0,"8":6,"9":6,"10":0,"11":0,"12":0,"13":6,"14":6,"15":0,"16":0,"17":0,"18":0,"19":0,"20":0,"21":0,"22":0},"f":{"0":6,"1":6,"2":6,"3":0,"4":0,"5":6,"6":0,"7":6},"b":{"0":[6,0],"1":[0,0],"2":[0,0],"3":[0,0,0]},"_coverageSchema":"1a1c01bbd47fc00a2c39e90264f33305004495a9","hash":"b620d8ab98605f8b4366156db3f83733f57cfb94"}
}
