TN:
SF:app/javascript/components/components/Footer.js
FN:5,(anonymous_0)
FNF:1
FNH:1
FNDA:3,(anonymous_0)
DA:6,3
LF:1
LH:1
BRF:0
BRH:0
end_of_record
TN:
SF:app/javascript/components/pages/NotFound.js
FN:5,(anonymous_0)
FNF:1
FNH:1
FNDA:3,(anonymous_0)
DA:6,3
LF:1
LH:1
BRF:0
BRH:0
end_of_record
TN:
SF:app/javascript/components/pages/PostEdit.js
FN:6,(anonymous_0)
FN:25,(anonymous_1)
FN:30,(anonymous_2)
FN:35,(anonymous_3)
FN:43,(anonymous_4)
FNF:5
FNH:3
FNDA:3,(anonymous_0)
FNDA:3,(anonymous_1)
FNDA:0,(anonymous_2)
FNDA:0,(anonymous_3)
FNDA:6,(anonymous_4)
DA:7,3
DA:8,3
DA:25,3
DA:26,3
DA:30,3
DA:31,0
DA:32,0
DA:35,3
DA:36,0
DA:37,0
DA:38,0
DA:39,0
DA:40,0
DA:44,6
DA:45,6
LF:15
LH:8
BRDA:153,0,0,0
BRDA:153,0,1,6
BRDA:154,1,0,0
BRDA:154,1,1,6
BRF:4
BRH:2
end_of_record
TN:
SF:app/javascript/components/pages/PostIndex.js
FN:16,(anonymous_0)
FN:26,(anonymous_1)
FN:32,(anonymous_2)
FN:36,(anonymous_3)
FN:38,(anonymous_4)
FN:50,(anonymous_5)
FN:52,(anonymous_6)
FN:54,(anonymous_7)
FN:56,(anonymous_8)
FN:58,(anonymous_9)
FN:60,(anonymous_10)
FN:62,(anonymous_11)
FN:64,(anonymous_12)
FN:66,(anonymous_13)
FN:68,(anonymous_14)
FN:70,(anonymous_15)
FN:79,(anonymous_16)
FN:100,(anonymous_17)
FNF:18
FNH:4
FNDA:4,(anonymous_0)
FNDA:0,(anonymous_1)
FNDA:0,(anonymous_2)
FNDA:4,(anonymous_3)
FNDA:4,(anonymous_4)
FNDA:0,(anonymous_5)
FNDA:0,(anonymous_6)
FNDA:0,(anonymous_7)
FNDA:0,(anonymous_8)
FNDA:0,(anonymous_9)
FNDA:0,(anonymous_10)
FNDA:0,(anonymous_11)
FNDA:0,(anonymous_12)
FNDA:0,(anonymous_13)
FNDA:0,(anonymous_14)
FNDA:0,(anonymous_15)
FNDA:4,(anonymous_16)
FNDA:0,(anonymous_17)
DA:17,4
DA:19,4
DA:20,4
DA:27,0
DA:32,4
DA:33,0
DA:37,4
DA:38,4
DA:39,4
DA:50,0
DA:52,0
DA:54,0
DA:56,0
DA:58,0
DA:60,0
DA:62,0
DA:64,0
DA:66,0
DA:68,0
DA:70,0
DA:80,4
DA:101,0
LF:22
LH:8
BRDA:74,0,0,4
BRDA:74,0,1,4
BRDA:78,1,0,4
BRDA:78,1,1,4
BRDA:97,2,0,4
BRDA:97,2,1,0
BRF:6
BRH:5
end_of_record
TN:
SF:app/javascript/components/pages/PostNew.js
FN:6,(anonymous_0)
FN:17,(anonymous_1)
FN:22,(anonymous_2)
FN:30,(anonymous_3)
FN:38,(anonymous_4)
FNF:5
FNH:2
FNDA:3,(anonymous_0)
FNDA:0,(anonymous_1)
FNDA:0,(anonymous_2)
FNDA:0,(anonymous_3)
FNDA:3,(anonymous_4)
DA:7,3
DA:8,3
DA:9,3
DA:17,3
DA:18,0
DA:19,0
DA:22,3
DA:23,0
DA:24,0
DA:25,0
DA:26,0
DA:27,0
DA:30,3
DA:31,0
DA:32,0
DA:33,0
DA:34,0
DA:35,0
DA:39,3
LF:19
LH:7
BRDA:183,0,0,0
BRDA:183,0,1,3
BRDA:184,1,0,0
BRDA:184,1,1,3
BRF:4
BRH:2
end_of_record
TN:
SF:app/javascript/components/pages/PostShow.js
FN:14,(anonymous_0)
FN:22,(anonymous_1)
FN:26,(anonymous_2)
FN:28,(anonymous_3)
FN:29,(anonymous_4)
FN:30,(anonymous_5)
FN:33,(anonymous_6)
FN:39,(anonymous_7)
FNF:8
FNH:5
FNDA:6,(anonymous_0)
FNDA:6,(anonymous_1)
FNDA:6,(anonymous_2)
FNDA:0,(anonymous_3)
FNDA:0,(anonymous_4)
FNDA:6,(anonymous_5)
FNDA:0,(anonymous_6)
FNDA:6,(anonymous_7)
DA:15,6
DA:16,6
DA:22,6
DA:23,6
DA:26,6
DA:27,6
DA:28,0
DA:29,0
DA:30,6
DA:33,6
DA:34,0
DA:35,0
DA:36,0
DA:40,6
DA:41,6
DA:43,0
DA:44,0
DA:45,0
DA:46,0
DA:48,0
DA:49,0
DA:50,0
DA:52,0
LF:23
LH:10
BRDA:40,0,0,6
BRDA:40,0,1,0
BRDA:48,1,0,0
BRDA:48,1,1,0
BRDA:49,2,0,0
BRDA:49,2,1,0
BRDA:66,3,0,0
BRDA:66,3,1,0
BRDA:66,3,2,0
BRF:9
BRH:1
end_of_record
